Oct 03 2018 23:03:59
{"type":2,"message":"A non-numeric value encountered","file":"\/home\/dp05e55yj2gp\/public_html\/wp-content\/themes\/basel\/inc\/woocommerce.php","line":367}

Oct 03 2018 23:04:00
{"type":2,"message":"A non-numeric value encountered","file":"\/home\/dp05e55yj2gp\/public_html\/wp-content\/themes\/basel\/inc\/woocommerce.php","line":367}

Oct 03 2018 23:04:01
{"type":2,"message":"A non-numeric value encountered","file":"\/home\/dp05e55yj2gp\/public_html\/wp-content\/themes\/basel\/inc\/woocommerce.php","line":367}

Oct 03 2018 23:04:02
{"type":2,"message":"A non-numeric value encountered","file":"\/home\/dp05e55yj2gp\/public_html\/wp-content\/themes\/basel\/inc\/woocommerce.php","line":367}

Oct 03 2018 23:04:08
{"type":2,"message":"A non-numeric value encountered","file":"\/home\/dp05e55yj2gp\/public_html\/wp-content\/themes\/basel\/inc\/woocommerce.php","line":367}

Oct 03 2018 23:04:19
{"type":2,"message":"A non-numeric value encountered","file":"\/home\/dp05e55yj2gp\/public_html\/wp-content\/themes\/basel\/inc\/woocommerce.php","line":367}

Oct 03 2018 23:04:33
{"type":2,"message":"A non-numeric value encountered","file":"\/home\/dp05e55yj2gp\/public_html\/wp-content\/themes\/basel\/inc\/woocommerce.php","line":367}

Oct 03 2018 23:04:52
{"type":2,"message":"A non-numeric value encountered","file":"\/home\/dp05e55yj2gp\/public_html\/wp-content\/themes\/basel\/inc\/woocommerce.php","line":367}

Oct 03 2018 23:05:09
{"type":2,"message":"A non-numeric value encountered","file":"\/home\/dp05e55yj2gp\/public_html\/wp-content\/themes\/basel\/inc\/woocommerce.php","line":367}

Oct 03 2018 23:05:21
{"type":2,"message":"A non-numeric value encountered","file":"\/home\/dp05e55yj2gp\/public_html\/wp-content\/themes\/basel\/inc\/woocommerce.php","line":367}

Oct 03 2018 23:05:44
{"type":2,"message":"A non-numeric value encountered","file":"\/home\/dp05e55yj2gp\/public_html\/wp-content\/themes\/basel\/inc\/woocommerce.php","line":367}

Oct 03 2018 23:05:56
{"type":2,"message":"A non-numeric value encountered","file":"\/home\/dp05e55yj2gp\/public_html\/wp-content\/themes\/basel\/inc\/woocommerce.php","line":367}

Oct 03 2018 23:06:10
{"type":2,"message":"A non-numeric value encountered","file":"\/home\/dp05e55yj2gp\/public_html\/wp-content\/themes\/basel\/inc\/woocommerce.php","line":367}

Oct 03 2018 23:06:23
{"type":2,"message":"A non-numeric value encountered","file":"\/home\/dp05e55yj2gp\/public_html\/wp-content\/themes\/basel\/inc\/woocommerce.php","line":367}

Oct 03 2018 23:06:48
{"type":2,"message":"A non-numeric value encountered","file":"\/home\/dp05e55yj2gp\/public_html\/wp-content\/themes\/basel\/inc\/woocommerce.php","line":367}

Oct 03 2018 23:06:59
{"type":2,"message":"A non-numeric value encountered","file":"\/home\/dp05e55yj2gp\/public_html\/wp-content\/themes\/basel\/inc\/woocommerce.php","line":367}

Oct 03 2018 23:07:15
{"type":2,"message":"A non-numeric value encountered","file":"\/home\/dp05e55yj2gp\/public_html\/wp-content\/themes\/basel\/inc\/woocommerce.php","line":367}

Oct 03 2018 23:07:27
{"type":2,"message":"A non-numeric value encountered","file":"\/home\/dp05e55yj2gp\/public_html\/wp-content\/themes\/basel\/inc\/woocommerce.php","line":367}

Oct 03 2018 23:07:46
{"type":2,"message":"A non-numeric value encountered","file":"\/home\/dp05e55yj2gp\/public_html\/wp-content\/themes\/basel\/inc\/woocommerce.php","line":367}

Oct 03 2018 23:07:59
{"type":2,"message":"A non-numeric value encountered","file":"\/home\/dp05e55yj2gp\/public_html\/wp-content\/themes\/basel\/inc\/woocommerce.php","line":367}

Oct 03 2018 23:08:15
{"type":2,"message":"A non-numeric value encountered","file":"\/home\/dp05e55yj2gp\/public_html\/wp-content\/themes\/basel\/inc\/woocommerce.php","line":367}

Oct 03 2018 23:08:29
{"type":2,"message":"A non-numeric value encountered","file":"\/home\/dp05e55yj2gp\/public_html\/wp-content\/themes\/basel\/inc\/woocommerce.php","line":367}

Oct 03 2018 23:08:50
{"type":2,"message":"A non-numeric value encountered","file":"\/home\/dp05e55yj2gp\/public_html\/wp-content\/themes\/basel\/inc\/woocommerce.php","line":367}

Oct 03 2018 23:09:03
{"type":2,"message":"A non-numeric value encountered","file":"\/home\/dp05e55yj2gp\/public_html\/wp-content\/themes\/basel\/inc\/woocommerce.php","line":367}

Oct 03 2018 23:09:12
{"type":2,"message":"A non-numeric value encountered","file":"\/home\/dp05e55yj2gp\/public_html\/wp-content\/themes\/basel\/inc\/woocommerce.php","line":367}

Oct 03 2018 23:09:19
{"type":2,"message":"A non-numeric value encountered","file":"\/home\/dp05e55yj2gp\/public_html\/wp-content\/themes\/basel\/inc\/woocommerce.php","line":367}

Oct 03 2018 23:09:22
{"type":2,"message":"A non-numeric value encountered","file":"\/home\/dp05e55yj2gp\/public_html\/wp-content\/themes\/basel\/inc\/woocommerce.php","line":367}

Oct 03 2018 23:09:23
{"type":2,"message":"A non-numeric value encountered","file":"\/home\/dp05e55yj2gp\/public_html\/wp-content\/themes\/basel\/inc\/woocommerce.php","line":367}

Oct 03 2018 23:09:24
{"type":2,"message":"A non-numeric value encountered","file":"\/home\/dp05e55yj2gp\/public_html\/wp-content\/themes\/basel\/inc\/woocommerce.php","line":367}

Nov 22 2018 20:02:28
{"type":2,"message":"file_put_contents(\/home\/dp05e55yj2gp\/public_html\/wp-content\/uploads\/revslider\/templates\/\/smartcontent\/travel-insurance\/slide1.png): failed to open stream: No such file or directory","file":"\/home\/dp05e55yj2gp\/public_html\/wp-content\/plugins\/revslider\/includes\/template.class.php","line":314}

Dec 17 2018 14:26:42
{"Number":2,"Message":"mysqli_real_connect(): (HY000\/2002): Can't connect to local MySQL server through socket '\/var\/lib\/mysql\/mysql.sock' (2)","File":"\/home\/dp05e55yj2gp\/public_html\/wp-includes\/wp-db.php","Line":1533}

Dec 17 2018 14:26:43
{"Number":2,"Message":"mysqli_real_connect(): (HY000\/2002): Can't connect to local MySQL server through socket '\/var\/lib\/mysql\/mysql.sock' (2)","File":"\/home\/dp05e55yj2gp\/public_html\/wp-includes\/wp-db.php","Line":1533}

Dec 17 2018 14:26:44
{"Number":2,"Message":"mysqli_real_connect(): (HY000\/2002): Can't connect to local MySQL server through socket '\/var\/lib\/mysql\/mysql.sock' (2)","File":"\/home\/dp05e55yj2gp\/public_html\/wp-includes\/wp-db.php","Line":1533}

Dec 17 2018 14:26:45
{"Number":2,"Message":"mysqli_real_connect(): (HY000\/2002): Can't connect to local MySQL server through socket '\/var\/lib\/mysql\/mysql.sock' (2)","File":"\/home\/dp05e55yj2gp\/public_html\/wp-includes\/wp-db.php","Line":1533}

Dec 17 2018 14:26:48
{"Number":2,"Message":"mysqli_real_connect(): (HY000\/2002): Can't connect to local MySQL server through socket '\/var\/lib\/mysql\/mysql.sock' (2)","File":"\/home\/dp05e55yj2gp\/public_html\/wp-includes\/wp-db.php","Line":1533}

Dec 17 2018 14:26:49
{"Number":2,"Message":"Unknown: Cannot call session save handler in a recursive manner","File":"Unknown","Line":0}

Dec 17 2018 14:26:49
{"Number":2,"Message":"Unknown: Failed to write session data using user defined save handler. (session.save_path: \/tmp)","File":"Unknown","Line":0}

